mode: set
mars/internal/parser/parser.go:26.20,28.2 1 1
mars/internal/parser/parser.go:30.88,34.45 2 1
mars/internal/parser/parser.go:34.45,36.3 1 1
mars/internal/parser/parser.go:39.2,40.16 2 1
mars/internal/parser/parser.go:40.16,42.3 1 1
mars/internal/parser/parser.go:45.2,46.37 2 1
mars/internal/parser/parser.go:46.37,51.17 4 1
mars/internal/parser/parser.go:51.17,53.4 1 1
mars/internal/parser/parser.go:55.3,56.17 2 1
mars/internal/parser/parser.go:56.17,58.4 1 1
mars/internal/parser/parser.go:60.3,65.51 2 1
mars/internal/parser/parser.go:68.2,68.35 1 1
mars/internal/parser/parser.go:72.60,75.21 2 1
mars/internal/parser/parser.go:75.21,77.3 1 1
mars/internal/parser/parser.go:79.2,80.16 2 1
mars/internal/parser/parser.go:80.16,82.3 1 1
mars/internal/parser/parser.go:84.2,85.16 2 1
mars/internal/parser/parser.go:85.16,87.3 1 1
mars/internal/parser/parser.go:89.2,89.37 1 1
mars/internal/parser/parser.go:93.86,96.21 2 1
mars/internal/parser/parser.go:96.21,98.3 1 1
mars/internal/parser/parser.go:100.2,101.16 2 1
mars/internal/parser/parser.go:101.16,103.3 1 1
mars/internal/parser/parser.go:105.2,106.16 2 1
mars/internal/parser/parser.go:106.16,108.3 1 1
mars/internal/parser/parser.go:110.2,111.16 2 1
mars/internal/parser/parser.go:111.16,113.3 1 1
mars/internal/parser/parser.go:115.2,116.48 2 1
mars/internal/parser/parser.go:120.58,122.49 1 1
mars/internal/parser/parser.go:123.11,124.22 1 1
mars/internal/parser/parser.go:125.11,126.22 1 1
mars/internal/parser/parser.go:127.11,128.22 1 1
mars/internal/parser/parser.go:129.11,130.22 1 1
mars/internal/parser/parser.go:132.2,132.90 1 1
mars/internal/parser/parser.go:136.53,140.33 2 1
mars/internal/parser/parser.go:140.33,142.30 1 1
mars/internal/parser/parser.go:143.53,144.12 1 1
mars/internal/parser/parser.go:146.11,147.93 1 1
mars/internal/parser/parser.go:150.2,150.23 1 1
mars/internal/app/app.go:22.87,29.2 1 1
mars/internal/app/app.go:31.27,33.16 2 1
mars/internal/app/app.go:33.16,35.3 1 1
mars/internal/app/app.go:37.2,38.16 2 1
mars/internal/app/app.go:38.16,40.3 1 1
mars/internal/app/app.go:42.2,43.16 2 1
mars/internal/app/app.go:43.16,45.3 1 1
mars/internal/app/app.go:47.2,52.16 3 1
mars/internal/app/app.go:52.16,54.3 1 1
mars/internal/app/app.go:56.2,58.43 3 1
mars/internal/app/app.go:58.43,60.3 1 1
mars/internal/app/app.go:61.2,61.12 1 1
mars/internal/rover/rover.go:81.63,83.2 1 0
mars/internal/rover/rover.go:85.90,87.2 1 0
mars/internal/rover/rover.go:90.43,95.2 1 1
mars/internal/rover/rover.go:99.37,100.45 1 1
mars/internal/rover/rover.go:100.45,102.3 1 1
mars/internal/rover/rover.go:103.2,103.12 1 1
mars/internal/rover/rover.go:107.77,113.40 2 1
mars/internal/rover/rover.go:113.40,115.3 1 1
mars/internal/rover/rover.go:117.2,117.37 1 1
mars/internal/rover/rover.go:117.37,119.3 1 1
mars/internal/rover/rover.go:121.2,121.17 1 1
mars/internal/rover/rover.go:125.36,127.2 1 1
mars/internal/rover/rover.go:130.52,131.14 1 1
mars/internal/rover/rover.go:131.14,133.3 1 1
mars/internal/rover/rover.go:135.2,138.8 1 1
mars/internal/rover/rover.go:142.33,145.30 2 1
mars/internal/rover/rover.go:146.9,147.31 1 1
mars/internal/rover/rover.go:148.9,149.31 1 1
mars/internal/rover/rover.go:150.9,151.31 1 1
mars/internal/rover/rover.go:152.9,153.31 1 1
mars/internal/rover/rover.go:155.2,155.21 1 1
mars/internal/rover/rover.go:159.28,160.31 1 1
mars/internal/rover/rover.go:160.31,163.3 2 1
mars/internal/rover/rover.go:164.2,164.24 1 1
mars/internal/rover/rover.go:168.29,169.31 1 1
mars/internal/rover/rover.go:169.31,172.3 2 1
mars/internal/rover/rover.go:173.2,173.24 1 1
mars/internal/rover/rover.go:177.64,178.124 1 1
mars/internal/rover/rover.go:178.124,180.3 1 1
mars/internal/rover/rover.go:181.2,181.12 1 1
mars/internal/rover/rover.go:185.55,187.2 1 1
mars/internal/rover/rover.go:190.41,194.2 3 1
mars/internal/rover/rover.go:197.51,198.46 1 1
mars/internal/rover/rover.go:198.46,200.3 1 1
mars/internal/rover/rover.go:202.2,205.8 1 1
mars/internal/rover/rover.go:209.61,210.14 1 1
mars/internal/rover/rover.go:210.14,212.3 1 1
mars/internal/rover/rover.go:214.2,217.8 1 1
mars/internal/rover/rover.go:221.57,222.60 1 1
mars/internal/rover/rover.go:222.60,224.3 1 1
mars/internal/rover/rover.go:226.2,226.54 1 1
mars/internal/rover/rover.go:226.54,228.3 1 1
mars/internal/rover/rover.go:230.2,230.12 1 1
mars/internal/rover/rover.go:234.79,236.48 1 1
mars/internal/rover/rover.go:236.48,239.3 1 1
mars/internal/rover/rover.go:242.2,245.29 2 1
mars/internal/rover/rover.go:245.29,246.21 1 1
mars/internal/rover/rover.go:247.16,248.16 1 1
mars/internal/rover/rover.go:249.17,250.17 1 1
mars/internal/rover/rover.go:251.16,258.48 3 1
mars/internal/rover/rover.go:258.48,261.13 2 1
mars/internal/rover/rover.go:264.4,270.50 3 1
mars/internal/rover/rover.go:274.2,274.33 1 1
mars/internal/rover/rover.go:278.36,279.11 1 1
mars/internal/rover/rover.go:280.9,281.13 1 1
mars/internal/rover/rover.go:282.9,283.13 1 1
mars/internal/rover/rover.go:284.9,285.13 1 1
mars/internal/rover/rover.go:286.9,287.13 1 1
mars/internal/rover/rover.go:288.10,289.13 1 0
mars/internal/rover/rover.go:293.81,296.49 2 1
mars/internal/rover/rover.go:296.49,300.17 3 1
mars/internal/rover/rover.go:300.17,302.4 1 1
mars/internal/rover/rover.go:304.3,305.17 2 1
mars/internal/rover/rover.go:305.17,307.4 1 1
mars/internal/rover/rover.go:309.3,309.45 1 1
mars/internal/rover/rover.go:312.2,312.20 1 1
mars/internal/config/config.go:9.23,15.2 1 0
mars/cmd/cli/main.go:21.13,25.16 3 0
mars/cmd/cli/main.go:25.16,27.3 1 0
mars/cmd/cli/main.go:28.2,32.44 3 0
mars/cmd/cli/main.go:32.44,34.3 1 0
mars/cmd/cli/main.go:37.27,47.2 6 0
mars/cmd/cli/main.go:49.61,50.24 1 0
mars/cmd/cli/main.go:50.25,50.26 0 0
mars/cmd/cli/main.go:53.2,53.24 1 0
mars/cmd/cli/main.go:53.24,57.17 2 0
mars/cmd/cli/main.go:57.17,59.4 1 0
mars/cmd/cli/main.go:60.3,60.23 1 0
mars/cmd/cli/main.go:60.23,60.39 1 0
mars/cmd/cli/main.go:64.2,66.16 2 0
mars/cmd/cli/main.go:66.16,68.3 1 0
mars/cmd/cli/main.go:70.2,70.44 1 0
mars/cmd/cli/main.go:70.44,77.3 5 0
mars/cmd/cli/main.go:79.2,79.35 1 0
mars/cmd/cli/main.go:82.34,89.2 4 0
